This is e-TeX, Version 3.141592-2.2 (MiKTeX 2.4) (preloaded format=latex 2006.5.11)  16 APR 2008 16:03
entering extended mode
**syrcose.tex
(syrcose.tex
LaTeX2e <2003/12/01>
Babel <v3.8a> and hyphenation patterns for english, french, german, ngerman, ru
ssian, dumylang, nohyphenation, loaded.
(C:\texmf\tex\latex\base\article.cls
Document Class: article 2004/02/16 v1.4f Standard LaTeX document class
(C:\texmf\tex\latex\base\size10.clo
File: size10.clo 2004/02/16 v1.4f Standard LaTeX file (size option)
)
\c@part=\count79
\c@section=\count80
\c@subsection=\count81
\c@subsubsection=\count82
\c@paragraph=\count83
\c@subparagraph=\count84
\c@figure=\count85
\c@table=\count86
\abovecaptionskip=\skip41
\belowcaptionskip=\skip42
\bibindent=\dimen102
) (C:\texmf\tex\latex\base\inputenc.sty
Package: inputenc 2004/02/05 v1.0d Input encoding file

(C:\texmf\tex\latex\cyrillic\cp1251.def
File: cp1251.def 1999/11/16 v1.0d Input encoding file
)) (C:\texmf\tex\generic\babel\babel.sty
Package: babel 2004/02/19 v3.8a The Babel package
(C:\texmf\tex\generic\babel\russianb.ldf
Language: russianb 2004/02/19 v1.1o Russian support from the babel system
 (C:\texmf\tex\generic\babel\babel.def
File: babel.def 2004/02/19 v3.8a Babel common definitions
\babel@savecnt=\count87
\U@D=\dimen103
) (C:\texmf\tex\latex\cyrillic\t2aenc.def
File: t2aenc.def 2004/01/26 v1.0g Cyrillic encoding definition file
)
Package babel Info: Making " an active character on input line 199.
)) (syrcose.aux
LaTeX Font Info:    Try loading font information for T2A+cmr on input line 4.

(C:\texmf\tex\latex\cyrillic\t2acmr.fd
File: t2acmr.fd 2001/08/11 v1.0a Computer Modern Cyrillic font definitions
))
LaTeX Font Info:    Checking defaults for OML/cmm/m/it on input line 7.
LaTeX Font Info:    ... okay on input line 7.
LaTeX Font Info:    Checking defaults for T1/cmr/m/n on input line 7.
LaTeX Font Info:    ... okay on input line 7.
LaTeX Font Info:    Checking defaults for OT1/cmr/m/n on input line 7.
LaTeX Font Info:    ... okay on input line 7.
LaTeX Font Info:    Checking defaults for OMS/cmsy/m/n on input line 7.
LaTeX Font Info:    ... okay on input line 7.
LaTeX Font Info:    Checking defaults for OMX/cmex/m/n on input line 7.
LaTeX Font Info:    ... okay on input line 7.
LaTeX Font Info:    Checking defaults for U/cmr/m/n on input line 7.
LaTeX Font Info:    ... okay on input line 7.
LaTeX Font Info:    Checking defaults for T2A/cmr/m/n on input line 7.
LaTeX Font Info:    ... okay on input line 7.
LaTeX Font Info:    External font `cmex10' loaded for size
(Font)              <12> on input line 12.
LaTeX Font Info:    External font `cmex10' loaded for size
(Font)              <8> on input line 12.
LaTeX Font Info:    External font `cmex10' loaded for size
(Font)              <6> on input line 12.

Overfull \hbox (4.58647pt too wide) in paragraph at lines 15--21
\T2A/cmr/m/n/9 ва-ния ариф-ме-ти-че-ской под-си-сте-мы цен-траль-ных про-цес-со
-ров \T2A/cmr/m/sc/9 MIPS64\T2A/cmr/m/n/9 .
 []

(problem.tex) (exists.tex [1

]
Overfull \hbox (26.0936pt too wide) in paragraph at lines 41--59
[][]\T2A/cmr/m/n/10 Другое пред-став-ле-ние мик-ро-схе-мы -- \T2A/cmr/m/sc/10 R
TL\T2A/cmr/m/n/10 -модель (Register Transfer Language).
 []

[2]) (results.tex [3]
LaTeX Font Info:    Try loading font information for T2A+cmss on input line 22.

 (C:\texmf\tex\latex\cyrillic\t2acmss.fd
File: t2acmss.fd 2001/08/11 v1.0a Computer Modern Cyrillic font definitions
)
LaTeX Font Info:    Try loading font information for OMS+cmr on input line 41.

(C:\texmf\tex\latex\base\omscmr.fd
File: omscmr.fd 1999/05/25 v2.5h Standard LaTeX font definitions
)
LaTeX Font Info:    Font shape `OMS/cmr/m/n' in size <10> not available
(Font)              Font shape `OMS/cmsy/m/n' tried instead on input line 41.
LaTeX Font Info:    Try loading font information for T2A+cmtt on input line 41.

 (C:\texmf\tex\latex\cyrillic\t2acmtt.fd
File: t2acmtt.fd 2001/08/11 v1.0a Computer Modern Cyrillic font definitions
)
[4] (usecase.tex
LaTeX Font Info:    External font `cmex10' loaded for size
(Font)              <7> on input line 5.
LaTeX Font Info:    External font `cmex10' loaded for size
(Font)              <5> on input line 5.
 [5]
Overfull \hbox (41.66946pt too wide) in paragraph at lines 30--45
\T2A/cmr/m/n/10 ко при та-ком ис-пол-не-нии псев-до-ко-да вы-зо-вет-ся \T2A/cmt
t/m/n/10 SignalException(IntegerOverflow)\T2A/cmr/m/n/10 .
 []


Overfull \hbox (5.57996pt too wide) in paragraph at lines 59--64
\T2A/cmr/m/n/10 для со-кра-ще-ния убра-ны об-ра-ще-ния к \T2A/cmtt/m/n/10 GPR\T
2A/cmr/m/n/10 . В ито-ге по-лу-чи-лось \T2A/cmtt/m/n/10 WordValue(rs)
 []


Overfull \hbox (3.52966pt too wide) in paragraph at lines 67--70
[][]\T2A/cmr/m/n/10 Наконец, по-след-ний шаг -- на-пи-са-ние про-грамм-но-го ко
-да. Оста-лось встро-
 []

[6])) (future.tex [7])
Underfull \hbox (badness 3838) in paragraph at lines 37--38
[][]\T2A/cmr/m/n/10 MIPS64 Architecture For Programmers VolumeII: The MIPS64
 []


Underfull \hbox (badness 2005) in paragraph at lines 38--40
[][]\T2A/cmr/m/n/10 K.Apt, M.Wallace. Constraint Logic Programming using Eclips
e.
 []


Underfull \hbox (badness 1946) in paragraph at lines 40--46
[][]\T2A/cmr/m/n/10 K.Marriott, Peter.J.Stuckey. Programming with Constraints. 
MIT
 []


Underfull \hbox (badness 3590) in paragraph at lines 46--47
[][]\T2A/cmr/m/n/10 Richard D. Eldred: Test Routines Based on Symbolic Logical
 []


Underfull \hbox (badness 6592) in paragraph at lines 54--56
[][]\T2A/cmr/m/n/10 F.Corno, A.Manzone, A.Pincetti, M.Sonza Reorda, G.Squillero
.
 []


Underfull \hbox (badness 6461) in paragraph at lines 54--56
\T2A/cmr/m/n/10 Automatic Test Bench Generation for Validation of RT-level
 []


Underfull \hbox (badness 7030) in paragraph at lines 54--56
\T2A/cmr/m/n/10 Descriptions: an Industrial Experience // DATE2000: Design,
 []

[8] (syrcose.aux) ) 
Here is how much of TeX's memory you used:
 1146 strings out of 95681
 12485 string characters out of 1193216
 62754 words of memory out of 1059852
 4155 multiletter control sequences out of 35000
 17190 words of font info for 37 fonts, out of 500000 for 1000
 198 hyphenation exceptions out of 607
 24i,6n,24p,487b,235s stack positions out of 1500i,500n,5000p,200000b,32768s

Output written on syrcose.dvi (8 pages, 35852 bytes).
